
[30-Sep-2021 12:15:29 Europe/Berlin] PHP Warning:  Undefined array key "class" in F:\xampp\htdocs\simple\app\libraries\Core.php on line 26
[30-Sep-2021 12:15:29 Europe/Berlin] PHP Fatal error:  Uncaught Error: Class name must be a valid object or a string in F:\xampp\htdocs\simple\app\libraries\Core.php:11
Stack trace:
#0 F:\xampp\htdocs\simple\app\index.php(36): Core->__construct(Object(mysqli))
#1 F:\xampp\htdocs\simple\index.php(11): require('F:\\xampp\\htdocs...')
#2 {main}
  thrown in F:\xampp\htdocs\simple\app\libraries\Core.php on line 11
[02-Oct-2021 09:21:47 Europe/Berlin] PHP Warning:  Undefined array key "class" in F:\xampp\htdocs\sahanadara\app\libraries\Core.php on line 27
[02-Oct-2021 09:21:47 Europe/Berlin] PHP Fatal error:  Uncaught Error: Class name must be a valid object or a string in F:\xampp\htdocs\sahanadara\app\libraries\Core.php:11
Stack trace:
#0 F:\xampp\htdocs\sahanadara\app\index.php(36): Core->__construct(Object(mysqli))
#1 F:\xampp\htdocs\sahanadara\index.php(6): require('F:\\xampp\\htdocs...')
#2 {main}
  thrown in F:\xampp\htdocs\sahanadara\app\libraries\Core.php on line 11
[03-Oct-2021 17:01:58 Europe/Berlin] PHP Warning:  Undefined array key "class" in F:\xampp\htdocs\sahanadara\app\libraries\Core.php on line 33
[03-Oct-2021 17:01:58 Europe/Berlin] PHP Fatal error:  Uncaught Error: Class name must be a valid object or a string in F:\xampp\htdocs\sahanadara\app\libraries\Core.php:13
Stack trace:
#0 F:\xampp\htdocs\sahanadara\app\index.php(36): Core->__construct(Object(mysqli))
#1 F:\xampp\htdocs\sahanadara\index.php(6): require('F:\\xampp\\htdocs...')
#2 {main}
  thrown in F:\xampp\htdocs\sahanadara\app\libraries\Core.php on line 13
[03-Oct-2021 17:04:31 Europe/Berlin] PHP Warning:  Undefined array key "class" in F:\xampp\htdocs\sahanadara\app\libraries\Core.php on line 33
[03-Oct-2021 17:04:31 Europe/Berlin] PHP Fatal error:  Uncaught Error: Class name must be a valid object or a string in F:\xampp\htdocs\sahanadara\app\libraries\Core.php:13
Stack trace:
#0 F:\xampp\htdocs\sahanadara\app\index.php(36): Core->__construct(Object(mysqli))
#1 F:\xampp\htdocs\sahanadara\index.php(6): require('F:\\xampp\\htdocs...')
#2 {main}
  thrown in F:\xampp\htdocs\sahanadara\app\libraries\Core.php on line 13
[03-Oct-2021 20:03:35 Europe/Berlin] PHP Warning:  Undefined array key "class" in F:\xampp\htdocs\sahanadara\app\libraries\Core.php on line 33
[03-Oct-2021 20:03:35 Europe/Berlin] PHP Fatal error:  Uncaught Error: Class name must be a valid object or a string in F:\xampp\htdocs\sahanadara\app\libraries\Core.php:13
Stack trace:
#0 F:\xampp\htdocs\sahanadara\app\index.php(36): Core->__construct(Object(mysqli))
#1 F:\xampp\htdocs\sahanadara\index.php(6): require('F:\\xampp\\htdocs...')
#2 {main}
  thrown in F:\xampp\htdocs\sahanadara\app\libraries\Core.php on line 13
